{"C:\\Users\\Erez\\OneDrive\\Documents\\CS\\Bootcamp\\Checkpoint\\checkpoint-chat-team_one\\security\\src\\test-url-scan.ts": {"path":"C:\\Users\\Erez\\OneDrive\\Documents\\CS\\Bootcamp\\Checkpoint\\checkpoint-chat-team_one\\security\\src\\test-url-scan.ts","statementMap":{"0":{"start":{"line":1,"column":0},"end":{"line":1,"column":56}},"1":{"start":{"line":2,"column":0},"end":{"line":2,"column":34}},"2":{"start":{"line":3,"column":0},"end":{"line":3,"column":59}},"3":{"start":{"line":6,"column":0},"end":{"line":9,"column":null}},"4":{"start":{"line":7,"column":2},"end":{"line":7,"column":76}},"5":{"start":{"line":8,"column":2},"end":{"line":8,"column":18}},"6":{"start":{"line":12,"column":23},"end":{"line":12,"column":64}},"7":{"start":{"line":16,"column":2},"end":{"line":16,"column":46}},"8":{"start":{"line":18,"column":2},"end":{"line":37,"column":null}},"9":{"start":{"line":19,"column":19},"end":{"line":19,"column":52}},"10":{"start":{"line":21,"column":4},"end":{"line":21,"column":35}},"11":{"start":{"line":22,"column":4},"end":{"line":22,"column":33}},"12":{"start":{"line":23,"column":4},"end":{"line":23,"column":38}},"13":{"start":{"line":24,"column":4},"end":{"line":24,"column":70}},"14":{"start":{"line":25,"column":4},"end":{"line":25,"column":58}},"15":{"start":{"line":26,"column":4},"end":{"line":26,"column":53}},"16":{"start":{"line":28,"column":4},"end":{"line":30,"column":null}},"17":{"start":{"line":29,"column":6},"end":{"line":29,"column":85}},"18":{"start":{"line":32,"column":4},"end":{"line":32,"column":71}},"19":{"start":{"line":34,"column":4},"end":{"line":34,"column":18}},"20":{"start":{"line":36,"column":4},"end":{"line":36,"column":50}},"21":{"start":{"line":42,"column":2},"end":{"line":42,"column":56}},"22":{"start":{"line":43,"column":2},"end":{"line":43,"column":23}},"23":{"start":{"line":45,"column":15},"end":{"line":45,"column":35}},"24":{"start":{"line":47,"column":2},"end":{"line":47,"column":35}},"25":{"start":{"line":48,"column":2},"end":{"line":54,"column":null}},"26":{"start":{"line":49,"column":4},"end":{"line":49,"column":48}},"27":{"start":{"line":51,"column":4},"end":{"line":53,"column":7}},"28":{"start":{"line":52,"column":6},"end":{"line":52,"column":42}},"29":{"start":{"line":56,"column":2},"end":{"line":56,"column":14}},"30":{"start":{"line":62,"column":19},"end":{"line":62,"column":106}},"31":{"start":{"line":63,"column":19},"end":{"line":63,"column":44}},"32":{"start":{"line":65,"column":16},"end":{"line":65,"column":41}},"33":{"start":{"line":66,"column":2},"end":{"line":66,"column":28}},"34":{"start":{"line":69,"column":2},"end":{"line":72,"column":null}},"35":{"start":{"line":70,"column":4},"end":{"line":70,"column":47}},"36":{"start":{"line":71,"column":4},"end":{"line":71,"column":32}},"37":{"start":{"line":75,"column":2},"end":{"line":75,"column":54}},"38":{"start":{"line":76,"column":2},"end":{"line":76,"column":43}},"39":{"start":{"line":79,"column":2},"end":{"line":79,"column":56}},"40":{"start":{"line":80,"column":2},"end":{"line":80,"column":44}},"41":{"start":{"line":84,"column":0},"end":{"line":87,"column":3}},"42":{"start":{"line":85,"column":2},"end":{"line":85,"column":39}},"43":{"start":{"line":86,"column":2},"end":{"line":86,"column":18}}},"fnMap":{"0":{"name":"testUrlScan","decl":{"start":{"line":15,"column":15},"end":{"line":15,"column":26}},"loc":{"start":{"line":15,"column":38},"end":{"line":38,"column":1}}},"1":{"name":"testExtractUrls","decl":{"start":{"line":41,"column":9},"end":{"line":41,"column":24}},"loc":{"start":{"line":41,"column":40},"end":{"line":57,"column":1}}},"2":{"name":"(anonymous_2)","decl":{"start":{"line":51,"column":17},"end":{"line":51,"column":18}},"loc":{"start":{"line":51,"column":32},"end":{"line":53,"column":5}}},"3":{"name":"runTests","decl":{"start":{"line":60,"column":15},"end":{"line":60,"column":23}},"loc":{"start":{"line":60,"column":23},"end":{"line":81,"column":1}}},"4":{"name":"(anonymous_4)","decl":{"start":{"line":84,"column":17},"end":{"line":84,"column":22}},"loc":{"start":{"line":84,"column":25},"end":{"line":87,"column":1}}}},"branchMap":{"0":{"loc":{"start":{"line":6,"column":0},"end":{"line":9,"column":null}},"type":"if","locations":[{"start":{"line":6,"column":0},"end":{"line":9,"column":null}},{"start":{},"end":{}}]},"1":{"loc":{"start":{"line":24,"column":25},"end":{"line":24,"column":66}},"type":"cond-expr","locations":[{"start":{"line":24,"column":49},"end":{"line":24,"column":56}},{"start":{"line":24,"column":59},"end":{"line":24,"column":66}}]},"2":{"loc":{"start":{"line":28,"column":4},"end":{"line":30,"column":null}},"type":"if","locations":[{"start":{"line":28,"column":4},"end":{"line":30,"column":null}},{"start":{},"end":{}}]},"3":{"loc":{"start":{"line":28,"column":8},"end":{"line":28,"column":77}},"type":"binary-expr","locations":[{"start":{"line":28,"column":8},"end":{"line":28,"column":35}},{"start":{"line":28,"column":39},"end":{"line":28,"column":77}}]},"4":{"loc":{"start":{"line":32,"column":31},"end":{"line":32,"column":67}},"type":"binary-expr","locations":[{"start":{"line":32,"column":31},"end":{"line":32,"column":48}},{"start":{"line":32,"column":52},"end":{"line":32,"column":67}}]},"5":{"loc":{"start":{"line":48,"column":2},"end":{"line":54,"column":null}},"type":"if","locations":[{"start":{"line":48,"column":2},"end":{"line":54,"column":null}},{"start":{"line":50,"column":9},"end":{"line":54,"column":null}}]},"6":{"loc":{"start":{"line":69,"column":2},"end":{"line":72,"column":null}},"type":"if","locations":[{"start":{"line":69,"column":2},"end":{"line":72,"column":null}},{"start":{},"end":{}}]}},"s":{"0":0,"1":0,"2":0,"3":0,"4":0,"5":0,"6":0,"7":0,"8":0,"9":0,"10":0,"11":0,"12":0,"13":0,"14":0,"15":0,"16":0,"17":0,"18":0,"19":0,"20":0,"21":0,"22":0,"23":0,"24":0,"25":0,"26":0,"27":0,"28":0,"29":0,"30":0,"31":0,"32":0,"33":0,"34":0,"35":0,"36":0,"37":0,"38":0,"39":0,"40":0,"41":0,"42":0,"43":0},"f":{"0":0,"1":0,"2":0,"3":0,"4":0},"b":{"0":[0,0],"1":[0,0],"2":[0,0],"3":[0,0],"4":[0,0],"5":[0,0],"6":[0,0]}}
,"C:\\Users\\Erez\\OneDrive\\Documents\\CS\\Bootcamp\\Checkpoint\\checkpoint-chat-team_one\\security\\src\\config\\env.ts": {"path":"C:\\Users\\Erez\\OneDrive\\Documents\\CS\\Bootcamp\\Checkpoint\\checkpoint-chat-team_one\\security\\src\\config\\env.ts","statementMap":{"0":{"start":{"line":1,"column":0},"end":{"line":1,"column":28}},"1":{"start":{"line":3,"column":0},"end":{"line":3,"column":16}},"2":{"start":{"line":5,"column":12},"end":{"line":10,"column":2}},"3":{"start":{"line":12,"column":0},"end":{"line":12,"column":19}}},"fnMap":{},"branchMap":{"0":{"loc":{"start":{"line":6,"column":8},"end":{"line":6,"column":32}},"type":"binary-expr","locations":[{"start":{"line":6,"column":8},"end":{"line":6,"column":24}},{"start":{"line":6,"column":28},"end":{"line":6,"column":32}}]},"1":{"loc":{"start":{"line":7,"column":10},"end":{"line":7,"column":65}},"type":"binary-expr","locations":[{"start":{"line":7,"column":10},"end":{"line":7,"column":28}},{"start":{"line":7,"column":32},"end":{"line":7,"column":65}}]},"2":{"loc":{"start":{"line":8,"column":14},"end":{"line":8,"column":57}},"type":"binary-expr","locations":[{"start":{"line":8,"column":14},"end":{"line":8,"column":36}},{"start":{"line":8,"column":40},"end":{"line":8,"column":57}}]}},"s":{"0":0,"1":0,"2":0,"3":0},"f":{},"b":{"0":[0,0],"1":[0,0],"2":[0,0]}}
,"C:\\Users\\Erez\\OneDrive\\Documents\\CS\\Bootcamp\\Checkpoint\\checkpoint-chat-team_one\\security\\src\\config\\index.ts": {"path":"C:\\Users\\Erez\\OneDrive\\Documents\\CS\\Bootcamp\\Checkpoint\\checkpoint-chat-team_one\\security\\src\\config\\index.ts","statementMap":{"0":{"start":{"line":1,"column":0},"end":{"line":1,"column":48}},"1":{"start":{"line":2,"column":0},"end":{"line":2,"column":28}},"2":{"start":{"line":3,"column":0},"end":{"line":3,"column":55}},"3":{"start":{"line":6,"column":0},"end":{"line":6,"column":54}},"4":{"start":{"line":9,"column":13},"end":{"line":9,"column":45}},"5":{"start":{"line":10,"column":13},"end":{"line":10,"column":78}},"6":{"start":{"line":11,"column":13},"end":{"line":11,"column":70}},"7":{"start":{"line":14,"column":13},"end":{"line":19,"column":2}}},"fnMap":{},"branchMap":{"0":{"loc":{"start":{"line":9,"column":20},"end":{"line":9,"column":44}},"type":"binary-expr","locations":[{"start":{"line":9,"column":20},"end":{"line":9,"column":36}},{"start":{"line":9,"column":40},"end":{"line":9,"column":44}}]},"1":{"loc":{"start":{"line":10,"column":22},"end":{"line":10,"column":77}},"type":"binary-expr","locations":[{"start":{"line":10,"column":22},"end":{"line":10,"column":40}},{"start":{"line":10,"column":44},"end":{"line":10,"column":77}}]},"2":{"loc":{"start":{"line":11,"column":26},"end":{"line":11,"column":69}},"type":"binary-expr","locations":[{"start":{"line":11,"column":26},"end":{"line":11,"column":48}},{"start":{"line":11,"column":52},"end":{"line":11,"column":69}}]}},"s":{"0":0,"1":0,"2":0,"3":0,"4":0,"5":0,"6":0,"7":0},"f":{},"b":{"0":[0,0],"1":[0,0],"2":[0,0]}}
,"C:\\Users\\Erez\\OneDrive\\Documents\\CS\\Bootcamp\\Checkpoint\\checkpoint-chat-team_one\\security\\src\\config\\url.config.ts": {"path":"C:\\Users\\Erez\\OneDrive\\Documents\\CS\\Bootcamp\\Checkpoint\\checkpoint-chat-team_one\\security\\src\\config\\url.config.ts","statementMap":{"0":{"start":{"line":1,"column":0},"end":{"line":1,"column":28}},"1":{"start":{"line":4,"column":0},"end":{"line":4,"column":16}},"2":{"start":{"line":18,"column":38},"end":{"line":25,"column":2}},"3":{"start":{"line":27,"column":13},"end":{"line":27,"column":36}}},"fnMap":{},"branchMap":{"0":{"loc":{"start":{"line":20,"column":12},"end":{"line":20,"column":45}},"type":"binary-expr","locations":[{"start":{"line":20,"column":12},"end":{"line":20,"column":39}},{"start":{"line":20,"column":43},"end":{"line":20,"column":45}}]}},"s":{"0":0,"1":0,"2":0,"3":0},"f":{},"b":{"0":[0,0]}}
,"C:\\Users\\Erez\\OneDrive\\Documents\\CS\\Bootcamp\\Checkpoint\\checkpoint-chat-team_one\\security\\src\\controllers\\index.ts": {"path":"C:\\Users\\Erez\\OneDrive\\Documents\\CS\\Bootcamp\\Checkpoint\\checkpoint-chat-team_one\\security\\src\\controllers\\index.ts","statementMap":{"0":{"start":{"line":1,"column":0},"end":{"line":1,"column":9}},"1":{"start":{"line":3,"column":9},"end":{"line":1,"column":51}}},"fnMap":{"0":{"name":"(anonymous_0)","decl":{"start":{"line":3,"column":9},"end":{"line":3,"column":23}},"loc":{"start":{"line":3,"column":9},"end":{"line":1,"column":51}}}},"branchMap":{},"s":{"0":0,"1":0},"f":{"0":0},"b":{}}
,"C:\\Users\\Erez\\OneDrive\\Documents\\CS\\Bootcamp\\Checkpoint\\checkpoint-chat-team_one\\security\\src\\controllers\\url.controller.ts": {"path":"C:\\Users\\Erez\\OneDrive\\Documents\\CS\\Bootcamp\\Checkpoint\\checkpoint-chat-team_one\\security\\src\\controllers\\url.controller.ts","statementMap":{"0":{"start":{"line":2,"column":0},"end":{"line":2,"column":57}},"1":{"start":{"line":3,"column":0},"end":{"line":3,"column":35}},"2":{"start":{"line":6,"column":18},"end":{"line":6,"column":123}},"3":{"start":{"line":9,"column":23},"end":{"line":9,"column":64}},"4":{"start":{"line":14,"column":27},"end":{"line":17,"column":1}},"5":{"start":{"line":15,"column":18},"end":{"line":15,"column":39}},"6":{"start":{"line":16,"column":2},"end":{"line":16,"column":46}},"7":{"start":{"line":14,"column":13},"end":{"line":14,"column":27}},"8":{"start":{"line":22,"column":23},"end":{"line":40,"column":1}},"9":{"start":{"line":23,"column":2},"end":{"line":39,"column":null}},"10":{"start":{"line":24,"column":20},"end":{"line":24,"column":28}},"11":{"start":{"line":26,"column":4},"end":{"line":29,"column":null}},"12":{"start":{"line":27,"column":6},"end":{"line":27,"column":57}},"13":{"start":{"line":28,"column":6},"end":{"line":28,"column":13}},"14":{"start":{"line":31,"column":19},"end":{"line":31,"column":52}},"15":{"start":{"line":32,"column":4},"end":{"line":32,"column":33}},"16":{"start":{"line":34,"column":4},"end":{"line":34,"column":44}},"17":{"start":{"line":35,"column":4},"end":{"line":38,"column":7}},"18":{"start":{"line":22,"column":13},"end":{"line":22,"column":23}},"19":{"start":{"line":45,"column":30},"end":{"line":86,"column":1}},"20":{"start":{"line":46,"column":2},"end":{"line":85,"column":null}},"21":{"start":{"line":47,"column":24},"end":{"line":47,"column":32}},"22":{"start":{"line":49,"column":4},"end":{"line":52,"column":null}},"23":{"start":{"line":50,"column":6},"end":{"line":50,"column":69}},"24":{"start":{"line":51,"column":6},"end":{"line":51,"column":13}},"25":{"start":{"line":55,"column":17},"end":{"line":55,"column":37}},"26":{"start":{"line":57,"column":4},"end":{"line":64,"column":null}},"27":{"start":{"line":58,"column":6},"end":{"line":62,"column":9}},"28":{"start":{"line":63,"column":6},"end":{"line":63,"column":13}},"29":{"start":{"line":67,"column":24},"end":{"line":67,"column":61}},"30":{"start":{"line":69,"column":4},"end":{"line":78,"column":7}},"31":{"start":{"line":80,"column":4},"end":{"line":80,"column":54}},"32":{"start":{"line":81,"column":4},"end":{"line":84,"column":7}},"33":{"start":{"line":45,"column":13},"end":{"line":45,"column":30}}},"fnMap":{"0":{"name":"(anonymous_0)","decl":{"start":{"line":14,"column":27},"end":{"line":14,"column":28}},"loc":{"start":{"line":14,"column":54},"end":{"line":17,"column":1}}},"1":{"name":"(anonymous_1)","decl":{"start":{"line":22,"column":23},"end":{"line":22,"column":28}},"loc":{"start":{"line":22,"column":76},"end":{"line":40,"column":1}}},"2":{"name":"(anonymous_2)","decl":{"start":{"line":45,"column":30},"end":{"line":45,"column":35}},"loc":{"start":{"line":45,"column":83},"end":{"line":86,"column":1}}}},"branchMap":{"0":{"loc":{"start":{"line":16,"column":9},"end":{"line":16,"column":45}},"type":"cond-expr","locations":[{"start":{"line":16,"column":19},"end":{"line":16,"column":40}},{"start":{"line":16,"column":43},"end":{"line":16,"column":45}}]},"1":{"loc":{"start":{"line":26,"column":4},"end":{"line":29,"column":null}},"type":"if","locations":[{"start":{"line":26,"column":4},"end":{"line":29,"column":null}},{"start":{},"end":{}}]},"2":{"loc":{"start":{"line":49,"column":4},"end":{"line":52,"column":null}},"type":"if","locations":[{"start":{"line":49,"column":4},"end":{"line":52,"column":null}},{"start":{},"end":{}}]},"3":{"loc":{"start":{"line":57,"column":4},"end":{"line":64,"column":null}},"type":"if","locations":[{"start":{"line":57,"column":4},"end":{"line":64,"column":null}},{"start":{},"end":{}}]},"4":{"loc":{"start":{"line":71,"column":15},"end":{"line":73,"column":52}},"type":"cond-expr","locations":[{"start":{"line":72,"column":10},"end":{"line":72,"column":77}},{"start":{"line":73,"column":10},"end":{"line":73,"column":52}}]}},"s":{"0":1,"1":1,"2":1,"3":1,"4":1,"5":8,"6":8,"7":1,"8":1,"9":3,"10":3,"11":3,"12":1,"13":1,"14":2,"15":1,"16":1,"17":1,"18":1,"19":1,"20":5,"21":5,"22":5,"23":1,"24":1,"25":4,"26":4,"27":1,"28":1,"29":3,"30":2,"31":1,"32":1,"33":1},"f":{"0":8,"1":3,"2":5},"b":{"0":[6,2],"1":[1,2],"2":[1,4],"3":[1,3],"4":[1,1]}}
,"C:\\Users\\Erez\\OneDrive\\Documents\\CS\\Bootcamp\\Checkpoint\\checkpoint-chat-team_one\\security\\src\\middleware\\errorHandler.ts": {"path":"C:\\Users\\Erez\\OneDrive\\Documents\\CS\\Bootcamp\\Checkpoint\\checkpoint-chat-team_one\\security\\src\\middleware\\errorHandler.ts","statementMap":{"0":{"start":{"line":3,"column":21},"end":{"line":12,"column":1}},"1":{"start":{"line":4,"column":23},"end":{"line":4,"column":44}},"2":{"start":{"line":5,"column":20},"end":{"line":5,"column":58}},"3":{"start":{"line":7,"column":4},"end":{"line":11,"column":7}},"4":{"start":{"line":14,"column":0},"end":{"line":14,"column":28}}},"fnMap":{"0":{"name":"(anonymous_0)","decl":{"start":{"line":3,"column":21},"end":{"line":3,"column":22}},"loc":{"start":{"line":3,"column":83},"end":{"line":12,"column":1}}}},"branchMap":{"0":{"loc":{"start":{"line":4,"column":23},"end":{"line":4,"column":44}},"type":"binary-expr","locations":[{"start":{"line":4,"column":23},"end":{"line":4,"column":37}},{"start":{"line":4,"column":41},"end":{"line":4,"column":44}}]},"1":{"loc":{"start":{"line":5,"column":20},"end":{"line":5,"column":58}},"type":"binary-expr","locations":[{"start":{"line":5,"column":20},"end":{"line":5,"column":31}},{"start":{"line":5,"column":35},"end":{"line":5,"column":58}}]}},"s":{"0":0,"1":0,"2":0,"3":0,"4":0},"f":{"0":0},"b":{"0":[0,0],"1":[0,0]}}
,"C:\\Users\\Erez\\OneDrive\\Documents\\CS\\Bootcamp\\Checkpoint\\checkpoint-chat-team_one\\security\\src\\routes\\index.ts": {"path":"C:\\Users\\Erez\\OneDrive\\Documents\\CS\\Bootcamp\\Checkpoint\\checkpoint-chat-team_one\\security\\src\\routes\\index.ts","statementMap":{"0":{"start":{"line":1,"column":0},"end":{"line":1,"column":33}},"1":{"start":{"line":2,"column":0},"end":{"line":2,"column":39}},"2":{"start":{"line":3,"column":0},"end":{"line":3,"column":37}},"3":{"start":{"line":5,"column":15},"end":{"line":5,"column":23}},"4":{"start":{"line":7,"column":0},"end":{"line":7,"column":32}},"5":{"start":{"line":8,"column":0},"end":{"line":8,"column":30}},"6":{"start":{"line":10,"column":0},"end":{"line":10,"column":22}}},"fnMap":{},"branchMap":{},"s":{"0":0,"1":0,"2":0,"3":0,"4":0,"5":0,"6":0},"f":{},"b":{}}
,"C:\\Users\\Erez\\OneDrive\\Documents\\CS\\Bootcamp\\Checkpoint\\checkpoint-chat-team_one\\security\\src\\routes\\url.routes.ts": {"path":"C:\\Users\\Erez\\OneDrive\\Documents\\CS\\Bootcamp\\Checkpoint\\checkpoint-chat-team_one\\security\\src\\routes\\url.routes.ts","statementMap":{"0":{"start":{"line":1,"column":0},"end":{"line":1,"column":33}},"1":{"start":{"line":2,"column":0},"end":{"line":2,"column":72}},"2":{"start":{"line":4,"column":15},"end":{"line":4,"column":23}},"3":{"start":{"line":11,"column":0},"end":{"line":11,"column":30}},"4":{"start":{"line":18,"column":0},"end":{"line":18,"column":48}},"5":{"start":{"line":20,"column":0},"end":{"line":20,"column":22}}},"fnMap":{},"branchMap":{},"s":{"0":0,"1":0,"2":0,"3":0,"4":0,"5":0},"f":{},"b":{}}
,"C:\\Users\\Erez\\OneDrive\\Documents\\CS\\Bootcamp\\Checkpoint\\checkpoint-chat-team_one\\security\\src\\services\\index.ts": {"path":"C:\\Users\\Erez\\OneDrive\\Documents\\CS\\Bootcamp\\Checkpoint\\checkpoint-chat-team_one\\security\\src\\services\\index.ts","statementMap":{"0":{"start":{"line":1,"column":0},"end":{"line":1,"column":9}},"1":{"start":{"line":3,"column":9},"end":{"line":1,"column":45}}},"fnMap":{"0":{"name":"(anonymous_0)","decl":{"start":{"line":3,"column":9},"end":{"line":3,"column":20}},"loc":{"start":{"line":3,"column":9},"end":{"line":1,"column":45}}}},"branchMap":{},"s":{"0":0,"1":0},"f":{"0":0},"b":{}}
,"C:\\Users\\Erez\\OneDrive\\Documents\\CS\\Bootcamp\\Checkpoint\\checkpoint-chat-team_one\\security\\src\\services\\url.service.ts": {"path":"C:\\Users\\Erez\\OneDrive\\Documents\\CS\\Bootcamp\\Checkpoint\\checkpoint-chat-team_one\\security\\src\\services\\url.service.ts","statementMap":{"0":{"start":{"line":1,"column":0},"end":{"line":1,"column":26}},"1":{"start":{"line":10,"column":10},"end":{"line":10,"column":48}},"2":{"start":{"line":11,"column":10},"end":{"line":11,"column":33}},"3":{"start":{"line":12,"column":10},"end":{"line":12,"column":26}},"4":{"start":{"line":19,"column":4},"end":{"line":21,"column":null}},"5":{"start":{"line":20,"column":6},"end":{"line":20,"column":56}},"6":{"start":{"line":22,"column":4},"end":{"line":22,"column":25}},"7":{"start":{"line":32,"column":4},"end":{"line":55,"column":null}},"8":{"start":{"line":33,"column":42},"end":{"line":36,"column":8}},"9":{"start":{"line":38,"column":23},"end":{"line":46,"column":null}},"10":{"start":{"line":49,"column":6},"end":{"line":49,"column":52}},"11":{"start":{"line":51,"column":6},"end":{"line":53,"column":null}},"12":{"start":{"line":52,"column":8},"end":{"line":52,"column":105}},"13":{"start":{"line":54,"column":6},"end":{"line":54,"column":81}},"14":{"start":{"line":64,"column":4},"end":{"line":85,"column":null}},"15":{"start":{"line":65,"column":23},"end":{"line":71,"column":null}},"16":{"start":{"line":74,"column":6},"end":{"line":74,"column":27}},"17":{"start":{"line":76,"column":6},"end":{"line":79,"column":null}},"18":{"start":{"line":78,"column":8},"end":{"line":78,"column":20}},"19":{"start":{"line":81,"column":6},"end":{"line":83,"column":null}},"20":{"start":{"line":82,"column":8},"end":{"line":82,"column":110}},"21":{"start":{"line":84,"column":6},"end":{"line":84,"column":86}},"22":{"start":{"line":94,"column":18},"end":{"line":94,"column":19}},"23":{"start":{"line":96,"column":4},"end":{"line":106,"column":null}},"24":{"start":{"line":97,"column":24},"end":{"line":97,"column":54}},"25":{"start":{"line":99,"column":6},"end":{"line":101,"column":null}},"26":{"start":{"line":100,"column":8},"end":{"line":100,"column":46}},"27":{"start":{"line":104,"column":6},"end":{"line":104,"column":78}},"28":{"start":{"line":104,"column":35},"end":{"line":104,"column":76}},"29":{"start":{"line":105,"column":6},"end":{"line":105,"column":16}},"30":{"start":{"line":108,"column":4},"end":{"line":108,"column":88}},"31":{"start":{"line":118,"column":21},"end":{"line":118,"column":45}},"32":{"start":{"line":119,"column":22},"end":{"line":119,"column":50}},"33":{"start":{"line":120,"column":24},"end":{"line":120,"column":39}},"34":{"start":{"line":123,"column":17},"end":{"line":123,"column":37}},"35":{"start":{"line":124,"column":26},"end":{"line":124,"column":41}},"36":{"start":{"line":125,"column":40},"end":{"line":125,"column":42}},"37":{"start":{"line":127,"column":4},"end":{"line":130,"column":null}},"38":{"start":{"line":128,"column":6},"end":{"line":128,"column":43}},"39":{"start":{"line":129,"column":6},"end":{"line":129,"column":53}},"40":{"start":{"line":133,"column":110},"end":{"line":133,"column":112}},"41":{"start":{"line":134,"column":4},"end":{"line":141,"column":null}},"42":{"start":{"line":135,"column":6},"end":{"line":140,"column":9}},"43":{"start":{"line":136,"column":8},"end":{"line":139,"column":10}},"44":{"start":{"line":144,"column":34},"end":{"line":162,"column":6}},"45":{"start":{"line":165,"column":4},"end":{"line":167,"column":null}},"46":{"start":{"line":166,"column":6},"end":{"line":166,"column":55}},"47":{"start":{"line":169,"column":4},"end":{"line":169,"column":18}},"48":{"start":{"line":178,"column":4},"end":{"line":198,"column":null}},"49":{"start":{"line":179,"column":6},"end":{"line":179,"column":51}},"50":{"start":{"line":182,"column":25},"end":{"line":182,"column":50}},"51":{"start":{"line":183,"column":6},"end":{"line":183,"column":75}},"52":{"start":{"line":186,"column":6},"end":{"line":186,"column":49}},"53":{"start":{"line":187,"column":22},"end":{"line":187,"column":64}},"54":{"start":{"line":189,"column":6},"end":{"line":189,"column":47}},"55":{"start":{"line":190,"column":6},"end":{"line":190,"column":61}},"56":{"start":{"line":191,"column":6},"end":{"line":191,"column":68}},"57":{"start":{"line":192,"column":6},"end":{"line":192,"column":56}},"58":{"start":{"line":194,"column":6},"end":{"line":194,"column":21}},"59":{"start":{"line":196,"column":6},"end":{"line":196,"column":57}},"60":{"start":{"line":197,"column":6},"end":{"line":197,"column":18}},"61":{"start":{"line":8,"column":0},"end":{"line":8,"column":13}}},"fnMap":{"0":{"name":"(anonymous_1)","decl":{"start":{"line":18,"column":2},"end":{"line":18,"column":14}},"loc":{"start":{"line":18,"column":28},"end":{"line":23,"column":3}}},"1":{"name":"(anonymous_2)","decl":{"start":{"line":31,"column":2},"end":{"line":31,"column":7}},"loc":{"start":{"line":31,"column":88},"end":{"line":56,"column":3}}},"2":{"name":"(anonymous_3)","decl":{"start":{"line":63,"column":2},"end":{"line":63,"column":7}},"loc":{"start":{"line":63,"column":34},"end":{"line":86,"column":3}}},"3":{"name":"(anonymous_4)","decl":{"start":{"line":93,"column":2},"end":{"line":93,"column":7}},"loc":{"start":{"line":93,"column":35},"end":{"line":109,"column":3}}},"4":{"name":"(anonymous_5)","decl":{"start":{"line":104,"column":24},"end":{"line":104,"column":31}},"loc":{"start":{"line":104,"column":35},"end":{"line":104,"column":76}}},"5":{"name":"(anonymous_6)","decl":{"start":{"line":116,"column":10},"end":{"line":116,"column":24}},"loc":{"start":{"line":116,"column":39},"end":{"line":170,"column":3}}},"6":{"name":"(anonymous_7)","decl":{"start":{"line":135,"column":47},"end":{"line":135,"column":48}},"loc":{"start":{"line":135,"column":79},"end":{"line":140,"column":7}}},"7":{"name":"(anonymous_8)","decl":{"start":{"line":177,"column":2},"end":{"line":177,"column":7}},"loc":{"start":{"line":177,"column":27},"end":{"line":199,"column":3}}}},"branchMap":{"0":{"loc":{"start":{"line":19,"column":4},"end":{"line":21,"column":null}},"type":"if","locations":[{"start":{"line":19,"column":4},"end":{"line":21,"column":null}},{"start":{},"end":{}}]},"1":{"loc":{"start":{"line":31,"column":31},"end":{"line":31,"column":88}},"type":"default-arg","locations":[{"start":{"line":31,"column":79},"end":{"line":31,"column":88}}]},"2":{"loc":{"start":{"line":51,"column":6},"end":{"line":53,"column":null}},"type":"if","locations":[{"start":{"line":51,"column":6},"end":{"line":53,"column":null}},{"start":{},"end":{}}]},"3":{"loc":{"start":{"line":52,"column":55},"end":{"line":52,"column":101}},"type":"binary-expr","locations":[{"start":{"line":52,"column":55},"end":{"line":52,"column":84}},{"start":{"line":52,"column":88},"end":{"line":52,"column":101}}]},"4":{"loc":{"start":{"line":76,"column":6},"end":{"line":79,"column":null}},"type":"if","locations":[{"start":{"line":76,"column":6},"end":{"line":79,"column":null}},{"start":{},"end":{}}]},"5":{"loc":{"start":{"line":76,"column":10},"end":{"line":76,"column":69}},"type":"binary-expr","locations":[{"start":{"line":76,"column":10},"end":{"line":76,"column":35}},{"start":{"line":76,"column":39},"end":{"line":76,"column":69}}]},"6":{"loc":{"start":{"line":81,"column":6},"end":{"line":83,"column":null}},"type":"if","locations":[{"start":{"line":81,"column":6},"end":{"line":83,"column":null}},{"start":{},"end":{}}]},"7":{"loc":{"start":{"line":82,"column":60},"end":{"line":82,"column":106}},"type":"binary-expr","locations":[{"start":{"line":82,"column":60},"end":{"line":82,"column":89}},{"start":{"line":82,"column":93},"end":{"line":82,"column":106}}]},"8":{"loc":{"start":{"line":99,"column":6},"end":{"line":101,"column":null}},"type":"if","locations":[{"start":{"line":99,"column":6},"end":{"line":101,"column":null}},{"start":{},"end":{}}]},"9":{"loc":{"start":{"line":118,"column":21},"end":{"line":118,"column":45}},"type":"binary-expr","locations":[{"start":{"line":118,"column":21},"end":{"line":118,"column":39}},{"start":{"line":118,"column":43},"end":{"line":118,"column":45}}]},"10":{"loc":{"start":{"line":119,"column":22},"end":{"line":119,"column":50}},"type":"binary-expr","locations":[{"start":{"line":119,"column":22},"end":{"line":119,"column":45}},{"start":{"line":119,"column":49},"end":{"line":119,"column":50}}]},"11":{"loc":{"start":{"line":123,"column":17},"end":{"line":123,"column":37}},"type":"binary-expr","locations":[{"start":{"line":123,"column":17},"end":{"line":123,"column":31}},{"start":{"line":123,"column":35},"end":{"line":123,"column":37}}]},"12":{"loc":{"start":{"line":127,"column":4},"end":{"line":130,"column":null}},"type":"if","locations":[{"start":{"line":127,"column":4},"end":{"line":130,"column":null}},{"start":{},"end":{}}]},"13":{"loc":{"start":{"line":127,"column":8},"end":{"line":127,"column":53}},"type":"binary-expr","locations":[{"start":{"line":127,"column":8},"end":{"line":127,"column":23}},{"start":{"line":127,"column":27},"end":{"line":127,"column":53}}]},"14":{"loc":{"start":{"line":134,"column":4},"end":{"line":141,"column":null}},"type":"if","locations":[{"start":{"line":134,"column":4},"end":{"line":141,"column":null}},{"start":{},"end":{}}]},"15":{"loc":{"start":{"line":137,"column":18},"end":{"line":137,"column":91}},"type":"cond-expr","locations":[{"start":{"line":137,"column":35},"end":{"line":137,"column":46}},{"start":{"line":137,"column":50},"end":{"line":137,"column":90}}]},"16":{"loc":{"start":{"line":137,"column":50},"end":{"line":137,"column":90}},"type":"cond-expr","locations":[{"start":{"line":137,"column":68},"end":{"line":137,"column":80}},{"start":{"line":137,"column":83},"end":{"line":137,"column":90}}]},"17":{"loc":{"start":{"line":145,"column":11},"end":{"line":145,"column":36}},"type":"binary-expr","locations":[{"start":{"line":145,"column":11},"end":{"line":145,"column":30}},{"start":{"line":145,"column":34},"end":{"line":145,"column":36}}]},"18":{"loc":{"start":{"line":146,"column":16},"end":{"line":146,"column":53}},"type":"binary-expr","locations":[{"start":{"line":146,"column":16},"end":{"line":146,"column":24}},{"start":{"line":146,"column":28},"end":{"line":146,"column":47}},{"start":{"line":146,"column":51},"end":{"line":146,"column":53}}]},"19":{"loc":{"start":{"line":165,"column":4},"end":{"line":167,"column":null}},"type":"if","locations":[{"start":{"line":165,"column":4},"end":{"line":167,"column":null}},{"start":{},"end":{}}]},"20":{"loc":{"start":{"line":191,"column":27},"end":{"line":191,"column":64}},"type":"cond-expr","locations":[{"start":{"line":191,"column":52},"end":{"line":191,"column":57}},{"start":{"line":191,"column":60},"end":{"line":191,"column":64}}]}},"s":{"0":1,"1":0,"2":0,"3":0,"4":0,"5":0,"6":0,"7":0,"8":0,"9":0,"10":0,"11":0,"12":0,"13":0,"14":0,"15":0,"16":0,"17":0,"18":0,"19":0,"20":0,"21":0,"22":0,"23":0,"24":0,"25":0,"26":0,"27":0,"28":0,"29":0,"30":0,"31":0,"32":0,"33":0,"34":0,"35":0,"36":0,"37":0,"38":0,"39":0,"40":0,"41":0,"42":0,"43":0,"44":0,"45":0,"46":0,"47":0,"48":0,"49":0,"50":0,"51":0,"52":0,"53":0,"54":0,"55":0,"56":0,"57":0,"58":0,"59":0,"60":0,"61":1},"f":{"0":0,"1":0,"2":0,"3":0,"4":0,"5":0,"6":0,"7":0},"b":{"0":[0,0],"1":[0],"2":[0,0],"3":[0,0],"4":[0,0],"5":[0,0],"6":[0,0],"7":[0,0],"8":[0,0],"9":[0,0],"10":[0,0],"11":[0,0],"12":[0,0],"13":[0,0],"14":[0,0],"15":[0,0],"16":[0,0],"17":[0,0],"18":[0,0,0],"19":[0,0],"20":[0,0]}}
}
